<?xml version="1.0" encoding="UTF-8"?>
<testsuite name="com.airton.avoidminer.item.ResonantMiningRulesTest" tests="4" skipped="0" failures="0" errors="0" timestamp="2026-07-16T11:34:16.490Z" hostname="MacBook-Air-de-Airton.local" time="0.0">
  <properties/>
  <testcase name="resonantPickaxeAddsItsNativeRange" classname="com.airton.avoidminer.item.ResonantMiningRulesTest" time="0.0"/>
  <testcase name="recipeConsumesANetheritePickaxe" classname="com.airton.avoidminer.item.ResonantMiningRulesTest" time="0.0"/>
  <testcase name="rangeAndDurabilityMatchTheSpecification" classname="com.airton.avoidminer.item.ResonantMiningRulesTest" time="0.0"/>
  <testcase name="vanillaPickaxesUseTheEnchantmentRanges" classname="com.airton.avoidminer.item.ResonantMiningRulesTest" time="0.0"/>
  <system-out><![CDATA[]]></system-out>
  <system-err><![CDATA[]]></system-err>
</testsuite>
