<?xml version="1.0" encoding="UTF-8"?>
<testsuite name="com.airton.avoidminer.block.entity.InputBalanceRulesTest" tests="2" skipped="0" failures="0" errors="0" timestamp="2026-07-15T12:40:50.931Z" hostname="MacBook-Air-de-Airton.local" time="0.001">
  <properties/>
  <testcase name="dividesStacksEvenlyWithoutLosingItems" classname="com.airton.avoidminer.block.entity.InputBalanceRulesTest" time="0.001"/>
  <testcase name="reportsTheCurrentMaximumLoad" classname="com.airton.avoidminer.block.entity.InputBalanceRulesTest" time="0.0"/>
  <system-out><![CDATA[]]></system-out>
  <system-err><![CDATA[]]></system-err>
</testsuite>
