<?xml version="1.0" encoding="UTF-8"?>
<testsuite name="com.airton.avoidminer.ResonantShieldRulesTest" tests="2" skipped="0" failures="0" errors="0" timestamp="2026-07-15T23:12:31.653Z" hostname="MacBook-Air-de-Airton.local" time="0.001">
  <properties/>
  <testcase name="retaliationRequiresTwoUsesInsideTheWindow" classname="com.airton.avoidminer.ResonantShieldRulesTest" time="0.0"/>
  <testcase name="chargeStopsAtFiveAndEnablesRetaliation" classname="com.airton.avoidminer.ResonantShieldRulesTest" time="0.001"/>
  <system-out><![CDATA[]]></system-out>
  <system-err><![CDATA[]]></system-err>
</testsuite>
