<?xml version="1.0" encoding="UTF-8"?>
<testsuite name="com.airton.avoidminer.worldgen.MagnetiteWorldgenTest" tests="3" skipped="0" failures="0" errors="0" timestamp="2026-07-16T11:34:16.497Z" hostname="MacBook-Air-de-Airton.local" time="0.0">
  <properties/>
  <testcase name="oreIsDistributedFromZeroToThirty" classname="com.airton.avoidminer.worldgen.MagnetiteWorldgenTest" time="0.0"/>
  <testcase name="oreUsesTheConfiguredBalancedVeins" classname="com.airton.avoidminer.worldgen.MagnetiteWorldgenTest" time="0.0"/>
  <testcase name="biomeModifierAddsTheFeatureToOverworldOres" classname="com.airton.avoidminer.worldgen.MagnetiteWorldgenTest" time="0.0"/>
  <system-out><![CDATA[]]></system-out>
  <system-err><![CDATA[]]></system-err>
</testsuite>
