<?xml version="1.0" encoding="UTF-8"?>
<testsuite name="com.airton.avoidminer.SeismicBootsRulesTest" tests="3" skipped="0" failures="0" errors="0" timestamp="2026-07-15T12:40:50.928Z" hostname="MacBook-Air-de-Airton.local" time="0.002">
  <properties/>
  <testcase name="shockwaveScalesWithFallEnergyAndHasCaps" classname="com.airton.avoidminer.SeismicBootsRulesTest" time="0.001"/>
  <testcase name="impactOnlyArmsDuringAConsiderableSneakingFall" classname="com.airton.avoidminer.SeismicBootsRulesTest" time="0.0"/>
  <testcase name="impactAcceptsTrackedSneakOrShiftHeldAtLanding" classname="com.airton.avoidminer.SeismicBootsRulesTest" time="0.0"/>
  <system-out><![CDATA[]]></system-out>
  <system-err><![CDATA[]]></system-err>
</testsuite>
