<?xml version="1.0" encoding="UTF-8"?>
<testsuite name="com.airton.avoidminer.block.entity.XpVaultRulesTest" tests="2" skipped="0" failures="0" errors="0" timestamp="2026-07-15T17:24:33.613Z" hostname="MacBook-Air-de-Airton.local" time="0.003">
  <properties/>
  <testcase name="withdrawsRequestedLevelsOrEverythingAvailable" classname="com.airton.avoidminer.block.entity.XpVaultRulesTest" time="0.002"/>
  <testcase name="depositsOnlyAvailableLevelsAndNeverOverflows" classname="com.airton.avoidminer.block.entity.XpVaultRulesTest" time="0.001"/>
  <system-out><![CDATA[]]></system-out>
  <system-err><![CDATA[]]></system-err>
</testsuite>
