<?xml version="1.0" encoding="UTF-8"?>
<testsuite name="com.airton.avoidminer.enchantment.ResonanceEnchantmentRulesTest" tests="3" skipped="0" failures="0" errors="0" timestamp="2026-07-15T12:40:50.937Z" hostname="MacBook-Air-de-Airton.local" time="0.001">
  <properties/>
  <testcase name="dissonanceLastsTwoAndAHalfSecondsPerLevel" classname="com.airton.avoidminer.enchantment.ResonanceEnchantmentRulesTest" time="0.001"/>
  <testcase name="dissonanceDurationIsCappedAtLevelTwo" classname="com.airton.avoidminer.enchantment.ResonanceEnchantmentRulesTest" time="0.0"/>
  <testcase name="resonantEchoLastsThreeSeconds" classname="com.airton.avoidminer.enchantment.ResonanceEnchantmentRulesTest" time="0.0"/>
  <system-out><![CDATA[]]></system-out>
  <system-err><![CDATA[]]></system-err>
</testsuite>
