<?xml version="1.0" encoding="UTF-8"?>
<testsuite name="com.airton.avoidminer.item.HypersonicCannonItemTest" tests="5" skipped="0" failures="0" errors="0" timestamp="2026-07-13T11:29:05.530Z" hostname="MacBook-Air-de-Airton.local" time="0.003">
  <properties/>
  <testcase name="knockbackRespectsTargetResistance" classname="com.airton.avoidminer.item.HypersonicCannonItemTest" time="0.002"/>
  <testcase name="sonicTrailUsesWardenSpacing" classname="com.airton.avoidminer.item.HypersonicCannonItemTest" time="0.0"/>
  <testcase name="weaponTimingMatchesSpecification" classname="com.airton.avoidminer.item.HypersonicCannonItemTest" time="0.0"/>
  <testcase name="upgradedDamageFallsWithDistance" classname="com.airton.avoidminer.item.HypersonicCannonItemTest" time="0.0"/>
  <testcase name="tierThreeAddsWideConePenetrationAndRicochets" classname="com.airton.avoidminer.item.HypersonicCannonItemTest" time="0.0"/>
  <system-out><![CDATA[]]></system-out>
  <system-err><![CDATA[]]></system-err>
</testsuite>
