# JRE version: OpenJDK Runtime Environment Temurin-25.0.3+9 (25.0.3+9) (build 25.0.3+9-LTS)
# Java VM: OpenJDK 64-Bit Server VM Temurin-25.0.3+9 (25.0.3+9-LTS, mixed mode, sharing, tiered, compressed oops, compressed class ptrs, g1 gc, bsd-aarch64)
GC Precious Log:
 CardTable entry size: 512
 Card Set container configuration: InlinePtr #cards 4 size 8 Array Of Cards #cards 16 size 48 Howl #buckets 8 coarsen threshold 3686 Howl Bitmap #cards 512 size 80 coarsen threshold 460 Card regions per heap region 1 cards per card region 4096
 CPUs: 10 total, 10 available
 Memory: 16384M
 Large Page Support: Disabled
 NUMA Support: Disabled
 Compressed Oops: Enabled (Zero based)
 Heap Region Size: 2M
 Heap Min Capacity: 8M
 Heap Initial Capacity: 256M
 Heap Max Capacity: 4G
 Pre-touch: Disabled
 Parallel Workers: 9
 Concurrent Workers: 2
 Concurrent Refinement Workers: 9
 Periodic GC: Disabled
Heap:
 garbage-first heap   total reserved 4194304K, committed 348160K, used 142667K [0x0000000700000000, 0x0000000800000000)
  region size 2048K, 15 young (30720K), 7 survivors (14336K)
GC Heap Usage History (20 events):
Event: 1.426 {heap Before GC invocations=8 (full 0):
 garbage-first heap   total reserved 4194304K, committed 233472K, used 179463K [0x0000000700000000, 0x0000000800000000)
  region size 2048K, 68 young (139264K), 2 survivors (4096K)
}
Event: 1.432 {heap After GC invocations=9 (full 0):
 garbage-first heap   total reserved 4194304K, committed 233472K, used 49809K [0x0000000700000000, 0x0000000800000000)
  region size 2048K, 5 young (10240K), 5 survivors (10240K)
}
Event: 1.573 {heap Before GC invocations=9 (full 0):
 garbage-first heap   total reserved 4194304K, committed 233472K, used 191121K [0x0000000700000000, 0x0000000800000000)
  region size 2048K, 68 young (139264K), 5 survivors (10240K)
}
Event: 1.579 {heap After GC invocations=10 (full 0):
 garbage-first heap   total reserved 4194304K, committed 233472K, used 74883K [0x0000000700000000, 0x0000000800000000)
  region size 2048K, 9 young (18432K), 9 survivors (18432K)
}
Event: 1.690 {heap Before GC invocations=10 (full 0):
 garbage-first heap   total reserved 4194304K, committed 233472K, used 195715K [0x0000000700000000, 0x0000000800000000)
  region size 2048K, 68 young (139264K), 9 survivors (18432K)
}
Event: 1.703 {heap After GC invocations=11 (full 0):
 garbage-first heap   total reserved 4194304K, committed 237568K, used 98304K [0x0000000700000000, 0x0000000800000000)
  region size 2048K, 9 young (18432K), 9 survivors (18432K)
}
Event: 1.783 {heap Before GC invocations=11 (full 0):
 garbage-first heap   total reserved 4194304K, committed 237568K, used 120832K [0x0000000700000000, 0x0000000800000000)
  region size 2048K, 21 young (43008K), 9 survivors (18432K)
}
Event: 1.787 {heap After GC invocations=12 (full 0):
 garbage-first heap   total reserved 4194304K, committed 401408K, used 103794K [0x0000000700000000, 0x0000000800000000)
  region size 2048K, 2 young (4096K), 2 survivors (4096K)
}
Event: 2.945 {heap Before GC invocations=13 (full 0):
 garbage-first heap   total reserved 4194304K, committed 348160K, used 308594K [0x0000000700000000, 0x0000000800000000)
  region size 2048K, 102 young (208896K), 2 survivors (4096K)
}
Event: 2.948 {heap After GC invocations=14 (full 0):
 garbage-first heap   total reserved 4194304K, committed 348160K, used 107993K [0x0000000700000000, 0x0000000800000000)
  region size 2048K, 4 young (8192K), 4 survivors (8192K)
}
Event: 3.156 {heap Before GC invocations=14 (full 0):
 garbage-first heap   total reserved 4194304K, committed 348160K, used 308697K [0x0000000700000000, 0x0000000800000000)
  region size 2048K, 102 young (208896K), 4 survivors (8192K)
}
Event: 3.162 {heap After GC invocations=15 (full 0):
 garbage-first heap   total reserved 4194304K, committed 348160K, used 117732K [0x0000000700000000, 0x0000000800000000)
  region size 2048K, 10 young (20480K), 10 survivors (20480K)
}
Event: 3.507 {heap Before GC invocations=15 (full 0):
 garbage-first heap   total reserved 4194304K, committed 348160K, used 306148K [0x0000000700000000, 0x0000000800000000)
  region size 2048K, 102 young (208896K), 10 survivors (20480K)
}
Event: 3.512 {heap After GC invocations=16 (full 0):
 garbage-first heap   total reserved 4194304K, committed 348160K, used 122028K [0x0000000700000000, 0x0000000800000000)
  region size 2048K, 8 young (16384K), 8 survivors (16384K)
}
Event: 3.530 {heap Before GC invocations=16 (full 0):
 garbage-first heap   total reserved 4194304K, committed 348160K, used 132268K [0x0000000700000000, 0x0000000800000000)
  region size 2048K, 14 young (28672K), 8 survivors (16384K)
}
Event: 3.533 {heap After GC invocations=17 (full 0):
 garbage-first heap   total reserved 4194304K, committed 348160K, used 122347K [0x0000000700000000, 0x0000000800000000)
  region size 2048K, 3 young (6144K), 3 survivors (6144K)
}
Event: 3.796 {heap Before GC invocations=18 (full 0):
 garbage-first heap   total reserved 4194304K, committed 348160K, used 323051K [0x0000000700000000, 0x0000000800000000)
  region size 2048K, 101 young (206848K), 3 survivors (6144K)
}
Event: 3.798 {heap After GC invocations=19 (full 0):
 garbage-first heap   total reserved 4194304K, committed 348160K, used 127376K [0x0000000700000000, 0x0000000800000000)
  region size 2048K, 5 young (10240K), 5 survivors (10240K)
}
Event: 4.000 {heap Before GC invocations=19 (full 0):
 garbage-first heap   total reserved 4194304K, committed 348160K, used 323984K [0x0000000700000000, 0x0000000800000000)
  region size 2048K, 101 young (206848K), 5 survivors (10240K)
}
Event: 4.004 {heap After GC invocations=20 (full 0):
 garbage-first heap   total reserved 4194304K, committed 348160K, used 128331K [0x0000000700000000, 0x0000000800000000)
  region size 2048K, 7 young (14336K), 7 survivors (14336K)
}

